{"/Users/mobolaji/development/alytics/cicd-lab-project/src/calculator.js": {"path":"/Users/mobolaji/development/alytics/cicd-lab-project/src/calculator.js","statementMap":{"0":{"start":{"line":2,"column":26},"end":{"line":2,"column":39}},"1":{"start":{"line":3,"column":26},"end":{"line":3,"column":39}},"2":{"start":{"line":4,"column":26},"end":{"line":4,"column":39}},"3":{"start":{"line":6,"column":2},"end":{"line":6,"column":51}},"4":{"start":{"line":6,"column":15},"end":{"line":6,"column":51}},"5":{"start":{"line":7,"column":2},"end":{"line":7,"column":15}},"6":{"start":{"line":9,"column":0},"end":{"line":9,"column":53}}},"fnMap":{"0":{"name":"add","decl":{"start":{"line":2,"column":9},"end":{"line":2,"column":12}},"loc":{"start":{"line":2,"column":24},"end":{"line":2,"column":41}},"line":2},"1":{"name":"subtract","decl":{"start":{"line":3,"column":9},"end":{"line":3,"column":17}},"loc":{"start":{"line":3,"column":24},"end":{"line":3,"column":41}},"line":3},"2":{"name":"multiply","decl":{"start":{"line":4,"column":9},"end":{"line":4,"column":17}},"loc":{"start":{"line":4,"column":24},"end":{"line":4,"column":41}},"line":4},"3":{"name":"divide","decl":{"start":{"line":5,"column":9},"end":{"line":5,"column":15}},"loc":{"start":{"line":5,"column":22},"end":{"line":8,"column":1}},"line":5}},"branchMap":{"0":{"loc":{"start":{"line":6,"column":2},"end":{"line":6,"column":51}},"type":"if","locations":[{"start":{"line":6,"column":2},"end":{"line":6,"column":51}},{"start":{},"end":{}}],"line":6}},"s":{"0":3,"1":1,"2":1,"3":2,"4":1,"5":1,"6":1},"f":{"0":3,"1":1,"2":1,"3":2},"b":{"0":[1,1]},"_coverageSchema":"1a1c01bbd47fc00a2c39e90264f33305004495a9","hash":"f476f0941bcccecf314109eed80fdff9b3dc015c"}
}
